<?xml version="1.0" encoding="UTF-8"?>
<!-- Generated by org.testng.reporters.JUnitReportReporter -->
<testsuite skipped="0" hostname="DESKTOP-A9N9LE5" name="com.app.test.HomePageTest" tests="4" failures="0" timestamp="22 Jan 2019 06:53:42 GMT" time="16.251" errors="0">
  <testcase name="verifyTabs" time="0.346" classname="com.app.test.HomePageTest"/>
  <testcase name="verifySubscription" time="3.127" classname="com.app.test.HomePageTest"/>
  <testcase name="verifyDisplay" time="10.750" classname="com.app.test.HomePageTest"/>
  <testcase name="VerifyAddToCartButton" time="2.028" classname="com.app.test.HomePageTest"/>
</testsuite> <!-- com.app.test.HomePageTest -->
