<?xml version="1.0" encoding="UTF-8"?>
<!-- Generated by org.testng.reporters.JUnitReportReporter -->
<testsuite skipped="0" hostname="DESKTOP-A9N9LE5" name="com.app.test.ProductDetailPageTest" tests="1" failures="0" timestamp="23 Jan 2019 04:50:02 GMT" time="4.903" errors="0">
  <testcase name="validateDescription" time="4.903" classname="com.app.test.ProductDetailPageTest"/>
</testsuite> <!-- com.app.test.ProductDetailPageTest -->
