<?xml version="1.0" encoding="UTF-8"?>
<!-- Generated by org.testng.reporters.JUnitReportReporter -->
<testsuite skipped="0" hostname="DESKTOP-A9N9LE5" name="com.app.test.DressesTest" tests="1" failures="0" timestamp="23 Jan 2019 04:50:02 GMT" time="81.118" errors="0">
  <testcase name="VerifyProductInAscendingOrder" time="81.118" classname="com.app.test.DressesTest"/>
</testsuite> <!-- com.app.test.DressesTest -->
